{"item": "virtual reality headset", "user": 290, "date": "2023-09-29T14:14:33Z"}
{"item": "robotic prosthetic", "user": 87, "date": "2023-09-29T14:14:33Z"}
{"item": "hard disk drive", "user": 691, "date": "2023-09-29T14:14:33Z"}
{"item": "robot vacuum", "user": 878, "date": "2023-09-29T14:14:33Z"}
{"item": "universal remote", "user": 653, "date": "2023-09-29T14:14:33Z"}
{"item": "hard disk drive", "user": 150, "date": "2023-09-29T14:14:33Z"}
{"item": "smart thermostat", "user": 786, "date": "2023-09-29T14:14:33Z"}
{"item": "laptop", "user": 711, "date": "2023-09-29T14:14:33Z"}
{"item": "digital hygrometer", "user": 720, "date": "2023-09-29T14:14:33Z"}
{"item": "power strip", "user": 74, "date": "2023-09-29T14:14:33Z"}
{"item": "Arduino board", "user": 594, "date": "2023-09-29T14:14:33Z"}
{"item": "robot lawn mower", "user": 363, "date": "2023-09-29T14:14:33Z"}
{"item": "handheld scanner", "user": 603, "date": "2023-09-29T14:14:33Z"}
{"item": "monitor", "user": 188, "date": "2023-09-29T14:14:33Z"}
{"item": "barcode scanner", "user": 484, "date": "2023-09-29T14:14:33Z"}
{"item": "robotic kit", "user": 453, "date": "2023-09-29T14:14:33Z"}
{"item": "Raspberry Pi", "user": 757, "date": "2023-09-29T14:14:33Z"}
{"item": "robotic toy", "user": 136, "date": "2023-09-29T14:14:33Z"}
{"item": "camera", "user": 929, "date": "2023-09-29T14:14:33Z"}
{"item": "graphing calculator", "user": 957, "date": "2023-09-29T14:14:33Z"}
{"item": "wireless earbuds", "user": 162, "date": "2023-09-29T14:14:33Z"}
{"item": "digital oscilloscope", "user": 216, "date": "2023-09-29T14:14:33Z"}
{"item": "gaming headset", "user": 502, "date": "2023-09-29T14:14:33Z"}
{"item": "soldering iron", "user": 35, "date": "2023-09-29T14:14:33Z"}
{"item": "tablet", "user": 50, "date": "2023-09-29T14:14:33Z"}
{"item": "bluetooth speaker", "user": 654, "date": "2023-09-29T14:14:33Z"}
{"item": "USB microscope", "user": 210, "date": "2023-09-29T14:14:33Z"}
{"item": "robot arm", "user": 514, "date": "2023-09-29T14:14:33Z"}
{"item": "motherboard", "user": 421, "date": "2023-09-29T14:14:33Z"}
{"item": "printer ink", "user": 714, "date": "2023-09-29T14:14:33Z"}
{"item": "VR headset", "user": 899, "date": "2023-09-29T14:14:33Z"}
{"item": "POS system", "user": 4, "date": "2023-09-29T14:14:33Z"}
{"item": "Wacom tablet", "user": 487, "date": "2023-09-29T14:14:33Z"}
{"item": "soundbar", "user": 912, "date": "2023-09-29T14:14:33Z"}
{"item": "motion sensor", "user": 311, "date": "2023-09-29T14:14:33Z"}
{"item": "digital hygrometer", "user": 618, "date": "2023-09-29T14:14:33Z"}
{"item": "thermal imaging camera", "user": 853, "date": "2023-09-29T14:14:33Z"}
{"item": "signal analyzer", "user": 676, "date": "2023-09-29T14:14:33Z"}
{"item": "camera", "user": 559, "date": "2023-09-29T14:14:33Z"}
{"item": "robotic exoskeleton", "user": 812, "date": "2023-09-29T14:14:33Z"}
{"item": "RFID tag", "user": 624, "date": "2023-09-29T14:14:33Z"}
{"item": "smart doorbell", "user": 724, "date": "2023-09-29T14:14:33Z"}
{"item": "power supply unit", "user": 568, "date": "2023-09-29T14:14:33Z"}
{"item": "home theater projector", "user": 398, "date": "2023-09-29T14:14:33Z"}
{"item": "smart belt", "user": 879, "date": "2023-09-29T14:14:33Z"}
{"item": "cord organizer", "user": 290, "date": "2023-09-29T14:14:33Z"}
{"item": "universal remote", "user": 839, "date": "2023-09-29T14:14:33Z"}
{"item": "wireless presenter", "user": 611, "date": "2023-09-29T14:14:33Z"}
{"item": "LED sign", "user": 36, "date": "2023-09-29T14:14:33Z"}
{"item": "smartwatch", "user": 245, "date": "2023-09-29T14:14:33Z"}
