{"item": "3D printer", "user": 312, "date": "2023-09-29T14:18:50Z"}
{"item": "video switcher", "user": 894, "date": "2023-09-29T14:18:50Z"}
{"item": "smartwatch", "user": 931, "date": "2023-09-29T14:18:50Z"}
{"item": "smart lock", "user": 974, "date": "2023-09-29T14:18:50Z"}
{"item": "game controller", "user": 772, "date": "2023-09-29T14:18:50Z"}
{"item": "smart belt", "user": 234, "date": "2023-09-29T14:18:50Z"}
{"item": "colorimeter", "user": 887, "date": "2023-09-29T14:18:50Z"}
{"item": "circuit board", "user": 816, "date": "2023-09-29T14:18:50Z"}
{"item": "wireless barcode scanner", "user": 803, "date": "2023-09-29T14:18:50Z"}
{"item": "RAM", "user": 218, "date": "2023-09-29T14:18:50Z"}
{"item": "smart scale", "user": 349, "date": "2023-09-29T14:18:50Z"}
{"item": "VR treadmill", "user": 972, "date": "2023-09-29T14:18:50Z"}
{"item": "TV wall mount", "user": 459, "date": "2023-09-29T14:18:50Z"}
{"item": "video switcher", "user": 688, "date": "2023-09-29T14:18:50Z"}
{"item": "gaming console", "user": 470, "date": "2023-09-29T14:18:50Z"}
{"item": "keyboard", "user": 305, "date": "2023-09-29T14:18:50Z"}
{"item": "laser pointer", "user": 725, "date": "2023-09-29T14:18:50Z"}
{"item": "Bluetooth headphones", "user": 601, "date": "2023-09-29T14:18:50Z"}
{"item": "stylus pen", "user": 147, "date": "2023-09-29T14:18:50Z"}
{"item": "laser printer", "user": 644, "date": "2023-09-29T14:18:50Z"}
{"item": "stylus pen", "user": 645, "date": "2023-09-29T14:18:50Z"}
{"item": "USB microscope", "user": 537, "date": "2023-09-29T14:18:50Z"}
{"item": "laser pointer", "user": 884, "date": "2023-09-29T14:18:50Z"}
{"item": "Arduino board", "user": 79, "date": "2023-09-29T14:18:50Z"}
{"item": "robotic exoskeleton", "user": 121, "date": "2023-09-29T14:18:50Z"}
{"item": "wireless barcode scanner", "user": 957, "date": "2023-09-29T14:18:50Z"}
{"item": "robotic kit", "user": 580, "date": "2023-09-29T14:18:50Z"}
{"item": "smart belt", "user": 634, "date": "2023-09-29T14:18:50Z"}
{"item": "robotic arm", "user": 195, "date": "2023-09-29T14:18:50Z"}
{"item": "laser printer", "user": 655, "date": "2023-09-29T14:18:50Z"}
{"item": "circuit simulator", "user": 140, "date": "2023-09-29T14:18:50Z"}
{"item": "TV wall mount", "user": 633, "date": "2023-09-29T14:18:50Z"}
{"item": "smart scale", "user": 449, "date": "2023-09-29T14:18:50Z"}
{"item": "wireless headphones", "user": 316, "date": "2023-09-29T14:18:50Z"}
{"item": "cord organizer", "user": 492, "date": "2023-09-29T14:18:50Z"}
{"item": "HDMI cable", "user": 174, "date": "2023-09-29T14:18:50Z"}
{"item": "external DVD drive", "user": 639, "date": "2023-09-29T14:18:50Z"}
{"item": "motherboard", "user": 213, "date": "2023-09-29T14:18:50Z"}
{"item": "scientific calculator", "user": 489, "date": "2023-09-29T14:18:50Z"}
{"item": "USB microscope", "user": 153, "date": "2023-09-29T14:18:50Z"}
{"item": "fitness tracker", "user": 622, "date": "2023-09-29T14:18:50Z"}
{"item": "smart plug", "user": 74, "date": "2023-09-29T14:18:50Z"}
{"item": "smartphone", "user": 219, "date": "2023-09-29T14:18:50Z"}
{"item": "robot vacuum cleaner", "user": 14, "date": "2023-09-29T14:18:50Z"}
{"item": "solar calculator", "user": 410, "date": "2023-09-29T14:18:50Z"}
{"item": "power strip", "user": 872, "date": "2023-09-29T14:18:50Z"}
{"item": "gaming headset", "user": 691, "date": "2023-09-29T14:18:50Z"}
{"item": "colorimeter", "user": 320, "date": "2023-09-29T14:18:50Z"}
{"item": "universal remote", "user": 687, "date": "2023-09-29T14:18:50Z"}
{"item": "headphones", "user": 197, "date": "2023-09-29T14:18:50Z"}
