{"item": "stylus pen", "user": 926, "date": "2023-09-29T10:34:47Z"}
{"item": "router", "user": 376, "date": "2023-09-29T10:34:47Z"}
{"item": "barcode printer", "user": 83, "date": "2023-09-29T10:34:47Z"}
{"item": "SIM card reader", "user": 811, "date": "2023-09-29T10:34:47Z"}
{"item": "TV wall mount", "user": 667, "date": "2023-09-29T10:34:47Z"}
{"item": "router", "user": 468, "date": "2023-09-29T10:34:47Z"}
{"item": "webcam", "user": 608, "date": "2023-09-29T10:34:47Z"}
{"item": "wireless mouse", "user": 81, "date": "2023-09-29T10:34:47Z"}
{"item": "thermal paste", "user": 60, "date": "2023-09-29T10:34:47Z"}
{"item": "graphics card", "user": 814, "date": "2023-09-29T10:34:47Z"}
{"item": "RAM", "user": 633, "date": "2023-09-29T10:34:47Z"}
{"item": "robotic software", "user": 446, "date": "2023-09-29T10:34:47Z"}
{"item": "signal analyzer", "user": 878, "date": "2023-09-29T10:34:47Z"}
{"item": "wireless keyboard", "user": 643, "date": "2023-09-29T10:34:47Z"}
{"item": "smart thermostat", "user": 975, "date": "2023-09-29T10:34:47Z"}
{"item": "ethernet cable", "user": 103, "date": "2023-09-29T10:34:47Z"}
{"item": "VR treadmill", "user": 711, "date": "2023-09-29T10:34:47Z"}
{"item": "bluetooth speaker", "user": 877, "date": "2023-09-29T10:34:47Z"}
{"item": "LED sign", "user": 70, "date": "2023-09-29T10:34:47Z"}
{"item": "virtual reality headset", "user": 327, "date": "2023-09-29T10:34:47Z"}
{"item": "laser printer", "user": 633, "date": "2023-09-29T10:34:47Z"}
{"item": "robot lawn mower", "user": 790, "date": "2023-09-29T10:34:47Z"}
{"item": "cable tester", "user": 48, "date": "2023-09-29T10:34:47Z"}
{"item": "electronic scale", "user": 995, "date": "2023-09-29T10:34:47Z"}
{"item": "wireless presenter", "user": 381, "date": "2023-09-29T10:34:47Z"}
{"item": "barcode scanner", "user": 188, "date": "2023-09-29T10:34:47Z"}
{"item": "barcode scanner", "user": 485, "date": "2023-09-29T10:34:47Z"}
{"item": "TV wall mount", "user": 404, "date": "2023-09-29T10:34:47Z"}
{"item": "soldering iron", "user": 645, "date": "2023-09-29T10:34:47Z"}
{"item": "signal generator", "user": 259, "date": "2023-09-29T10:34:47Z"}
{"item": "dual monitor stand", "user": 466, "date": "2023-09-29T10:34:47Z"}
{"item": "wireless mouse", "user": 328, "date": "2023-09-29T10:34:47Z"}
{"item": "smart gloves", "user": 392, "date": "2023-09-29T10:34:47Z"}
{"item": "action camera", "user": 840, "date": "2023-09-29T10:34:47Z"}
{"item": "LED sign", "user": 494, "date": "2023-09-29T10:34:47Z"}
{"item": "printer", "user": 502, "date": "2023-09-29T10:34:47Z"}
{"item": "laptop", "user": 531, "date": "2023-09-29T10:34:47Z"}
{"item": "barometric pressure sensor", "user": 269, "date": "2023-09-29T10:34:47Z"}
{"item": "GPS device", "user": 850, "date": "2023-09-29T10:34:47Z"}
{"item": "soundbar", "user": 537, "date": "2023-09-29T10:34:47Z"}
{"item": "voice amplifier", "user": 649, "date": "2023-09-29T10:34:47Z"}
{"item": "robotic prosthetic", "user": 224, "date": "2023-09-29T10:34:47Z"}
{"item": "surround sound system", "user": 971, "date": "2023-09-29T10:34:47Z"}
{"item": "VR treadmill", "user": 693, "date": "2023-09-29T10:34:47Z"}
{"item": "3D printer", "user": 554, "date": "2023-09-29T10:34:47Z"}
{"item": "solid-state drive", "user": 165, "date": "2023-09-29T10:34:47Z"}
{"item": "monitor", "user": 809, "date": "2023-09-29T10:34:47Z"}
{"item": "monitor", "user": 831, "date": "2023-09-29T10:34:47Z"}
{"item": "power strip", "user": 254, "date": "2023-09-29T10:34:47Z"}
{"item": "motherboard", "user": 218, "date": "2023-09-29T10:34:47Z"}
